<?xml version="1.0" encoding="UTF-8"?>
<!-- Generated by org.testng.reporters.JUnitReportReporter -->
<testsuite skipped="0" hostname="VPCOG1651" name="CIIAutomation.CIIAutomation.TC_001_GET_Method" tests="1" failures="0" timestamp="26 Jul 2021 06:31:13 GMT" time="3.670" errors="0">
  <testcase name="ProductAPI" time="3.670" classname="CIIAutomation.CIIAutomation.TC_001_GET_Method"/>
</testsuite> <!-- CIIAutomation.CIIAutomation.TC_001_GET_Method -->
