<?xml version="1.0" encoding="UTF-8"?>
<!-- Generated by org.testng.reporters.JUnitReportReporter -->
<testsuite skipped="0" hostname="VPCOG1651" name="CIIAutomation.CIIAutomation.TC_002_ContentAPI" tests="2" failures="0" timestamp="27 Jul 2021 10:19:35 GMT" time="3.611" errors="0">
  <testcase name="QTIManifest" time="0.316" classname="CIIAutomation.CIIAutomation.TC_002_ContentAPI"/>
  <testcase name="PublishedTest" time="3.295" classname="CIIAutomation.CIIAutomation.TC_002_ContentAPI"/>
</testsuite> <!-- CIIAutomation.CIIAutomation.TC_002_ContentAPI -->
