<?xml version="1.0" encoding="UTF-8"?>
<!-- Generated by org.testng.reporters.JUnitReportReporter -->
<testsuite skipped="0" hostname="VPCOG1651" name="automationCII.TC_002_ContentAPI" tests="1" failures="0" timestamp="27 Jul 2021 12:13:24 GMT" time="0.334" errors="0">
  <testcase name="PublishedTest" time="0.334" classname="automationCII.TC_002_ContentAPI"/>
</testsuite> <!-- automationCII.TC_002_ContentAPI -->
