<?xml version="1.0" encoding="UTF-8"?>
<!-- Generated by org.testng.reporters.JUnitReportReporter -->
<testsuite skipped="0" hostname="VPCOG1651" name="automationCII.TC_001_ProductAPI" tests="1" failures="0" timestamp="02 Aug 2021 06:13:43 GMT" time="9.281" errors="0">
  <testcase name="ProductAPI" time="9.281" classname="automationCII.TC_001_ProductAPI"/>
</testsuite> <!-- automationCII.TC_001_ProductAPI -->
