<?xml version="1.0" encoding="UTF-8"?>
<!-- Generated by org.testng.reporters.JUnitReportReporter -->
<testsuite skipped="0" hostname="VPCOG1651" name="automationCII.TC_003_TestAPI" tests="1" failures="0" timestamp="27 Jul 2021 12:13:24 GMT" time="1.372" errors="0">
  <testcase name="LaunchIELTSi" time="1.372" classname="automationCII.TC_003_TestAPI"/>
</testsuite> <!-- automationCII.TC_003_TestAPI -->
