<?xml version="1.0" encoding="UTF-8"?>
<!-- Generated by org.testng.reporters.JUnitReportReporter -->
<testsuite skipped="0" hostname="VPCOG1651" name="CIIAutomation.CIIAutomation.ContentAPI" tests="2" failures="0" timestamp="27 Jul 2021 09:57:32 GMT" time="5.651" errors="0">
  <testcase name="PublishedTest" time="5.310" classname="CIIAutomation.CIIAutomation.ContentAPI"/>
  <testcase name="QTIManifest" time="0.341" classname="CIIAutomation.CIIAutomation.ContentAPI"/>
</testsuite> <!-- CIIAutomation.CIIAutomation.ContentAPI -->
