<?xml version="1.0" encoding="UTF-8"?>
<!-- Generated by org.testng.reporters.JUnitReportReporter -->
<testsuite skipped="0" hostname="VPCOG1651" name="automationCII.TC_003_TestAPI" tests="1" failures="0" timestamp="02 Aug 2021 06:13:43 GMT" time="12.464" errors="0">
  <testcase name="LaunchIELTSi" time="12.464" classname="automationCII.TC_003_TestAPI"/>
</testsuite> <!-- automationCII.TC_003_TestAPI -->
