<?xml version="1.0" encoding="UTF-8"?>
<!-- Generated by org.testng.reporters.JUnitReportReporter -->
<testsuite skipped="0" hostname="VPCOG1651" name="CIIAutomation.CIIAutomation.TestAPIIESLTSi" tests="3" failures="0" timestamp="27 Jul 2021 11:27:03 GMT" time="5.443" errors="0">
  <testcase name="TestResponse" time="0.294" classname="CIIAutomation.CIIAutomation.TestAPIIESLTSi"/>
  <testcase name="LaunchIELTSi" time="4.046" classname="CIIAutomation.CIIAutomation.TestAPIIESLTSi"/>
  <testcase name="SaveResponse" time="1.103" classname="CIIAutomation.CIIAutomation.TestAPIIESLTSi"/>
</testsuite> <!-- CIIAutomation.CIIAutomation.TestAPIIESLTSi -->
