<?xml version="1.0" encoding="UTF-8"?>
<!-- Generated by org.testng.reporters.JUnitReportReporter -->
<testsuite skipped="0" hostname="VPCOG1651" name="automationCII.TC_001_ProductAPI" tests="1" failures="0" timestamp="27 Jul 2021 12:13:24 GMT" time="3.991" errors="0">
  <testcase name="ProductAPI" time="3.991" classname="automationCII.TC_001_ProductAPI"/>
</testsuite> <!-- automationCII.TC_001_ProductAPI -->
